CREATE,0000.00,bell_412.obj,0,0,0,0,125,255,0,0,0,0.3,Light_Demo
SET_CAMERA,0000.20,2,15,90
ADD_LIGHT,0000.22,0,0,0,255,0,0
ADD_LIGHT,0000.24,0,1,-3.5,0,255,255
ADD_LIGHT,0000.28,0,0.5,0,0,0,255
ADD_LIGHT,0000.32,0.5,0.5,0,0,0,255
ADD_LIGHT,0000.34,-0.5,0.5,0,0,0,255
ADD_LIGHT,0000.36,0,1,-1,255,0,0
ADD_LIGHT,0000.38,0.3,0.5,0.75,255,255,0
ADD_LIGHT,0000.40,-0.3,0.5,0.75,255,0,255
SET_CAMERA,0001.20,1,15,45,2,-1.5,-2.5
MODIFY,005.00,1,0,0,0,0,125,255,0,0,0,0.3,Light_Demo
MODIFY_LIGHT,0006.00,1,0,0,0
MODIFY_LIGHT,0006.50,1,255,0,0
MODIFY_LIGHT,0007.00,1,0,0,0
MODIFY_LIGHT,0007.50,1,255,0,0
MODIFY_LIGHT,0008.00,1,0,0,0
MODIFY_LIGHT,0008.50,1,255,0,0
MODIFY_LIGHT,0009.00,1,0,0,0
MODIFY_LIGHT,0009.50,1,255,0,0
MODIFY_LIGHT,00010.00,1,0,0,0
MODIFY_LIGHT,00010.50,1,255,0,0
MODIFY_LIGHT,00011.00,1,0,0,0
MODIFY_LIGHT,00011.50,1,255,0,0
MODIFY_LIGHT,0012.00,2,0,0,0
MODIFY_LIGHT,0013.00,2,0,255,0
MODIFY_LIGHT,0014.00,2,0,0,255
MODIFY_LIGHT,0015.00,2,255,0,0
MODIFY_LIGHT,0018.00,6,255,0,0
MODIFY_LIGHT,0018.10,6,0,0,0
MODIFY_LIGHT,0018.20,6,255,0,0
MODIFY_LIGHT,0018.30,6,0,0,0
MODIFY_LIGHT,0018.40,6,255,0,0
MODIFY_LIGHT,0018.50,6,0,0,0
MODIFY_LIGHT,0018.60,6,255,0,0
MODIFY_LIGHT,0018.70,6,0,0,0
MODIFY_LIGHT,0018.75,3,0,150,0
MODIFY_LIGHT,0018.80,6,255,0,0
MODIFY_LIGHT,0018.90,6,0,0,0
MODIFY_LIGHT,0019.00,6,255,0,0
MODIFY_LIGHT,0019.10,6,0,0,0
MODIFY_LIGHT,0019.20,6,255,0,0
MODIFY_LIGHT,0019.30,6,0,0,0
MODIFY_LIGHT,0019.40,6,255,0,0
MODIFY_LIGHT,0019.50,6,0,0,0
MODIFY_LIGHT,0019.60,6,255,0,0
MODIFY_LIGHT,0019.70,6,0,0,0
MODIFY_LIGHT,0019.80,6,255,0,0
MODIFY_LIGHT,0019.90,6,0,0,0
MODIFY_LIGHT,0020.00,6,255,0,0
MODIFY_LIGHT,0020.10,6,0,0,0
MODIFY_LIGHT,0020.20,6,255,0,0
MODIFY_LIGHT,0020.30,6,0,0,0
MODIFY_LIGHT,0020.40,6,255,0,0
MODIFY_LIGHT,0020.50,6,0,0,0
MODIFY_LIGHT,0020.60,6,255,0,0
MODIFY_LIGHT,0020.70,6,0,0,0
MODIFY_LIGHT,0020.80,6,255,0,0
MODIFY_LIGHT,0020.90,6,0,0,0
MODIFY_LIGHT,0021.00,6,255,0,0
MODIFY_LIGHT,0021.10,6,0,0,0
MODIFY_LIGHT,0021.20,6,255,0,0
MODIFY_LIGHT,0021.30,6,0,0,0
MODIFY_LIGHT,0021.40,6,255,0,0
MODIFY_LIGHT,0021.50,6,0,0,0
MODIFY_LIGHT,0021.55,4,0,150,0
MODIFY_LIGHT,0021.60,6,255,0,0
MODIFY_LIGHT,0021.70,6,0,0,0
MODIFY_LIGHT,0021.80,6,255,0,0
MODIFY_LIGHT,0021.90,6,0,0,0
MODIFY_LIGHT,0022.00,6,255,0,0
MODIFY_LIGHT,0022.10,6,0,0,0
MODIFY_LIGHT,0022.20,6,255,0,0
MODIFY_LIGHT,0022.30,6,0,0,0
MODIFY_LIGHT,0022.40,6,255,0,0
MODIFY_LIGHT,0022.50,6,0,0,0
MODIFY_LIGHT,0022.60,6,255,0,0
MODIFY_LIGHT,0022.70,6,0,0,0
MODIFY_LIGHT,0022.80,6,255,0,0
MODIFY_LIGHT,0024.55,5,0,150,0
MODIFY_LIGHT,0024.90,6,0,0,0
MODIFY_LIGHT,0028.90,6,0,0,0
